22:11:58 **** Incremental Build of configuration Debug for project ASCLIN_Shell_UART_1_KIT_TC375_SB ****
make --output-sync -j12 all 
TASKING VX-toolset for AURIX Development Studio (non-commercial): control program v1.1r8 Build 22011964
Building file: ../ASCLIN_Shell_UART.c
Invoking: TASKING C/C++ Compiler
cctc -cs --dep-file="ASCLIN_Shell_UART.d" --misrac-version=2004 -D__CPU__=tc37x "-fC:/Users/Umaar/Documents/GitHub/AURIX_Tricore_Dev_Repo/ASCLIN_Shell_UART_1_KIT_TC375_SB/Debug/TASKING_C_C___Compiler-Include_paths.opt" --iso=99 --c++14 --language=+volatile --exceptions --anachronisms --fp-model=3 -O0 --tradeoff=4 --compact-max-size=200 -g -Wc-w544 -Wc-w557 -Ctc37x -Y0 -N0 -Z0 -o "ASCLIN_Shell_UART.src" "../ASCLIN_Shell_UART.c" && \
if [ -f "ASCLIN_Shell_UART.d" ]; then sed.exe -r  -e 's/\b(.+\.o)\b/\/\1/g' -e 's/\\/\//g' -e 's/\/\//\//g' -e 's/"//g' -e 's/([a-zA-Z]:\/)/\L\1/g' -e 's/\d32:/@TARGET_DELIMITER@/g; s/\\\d32/@ESCAPED_SPACE@/g; s/\d32/\\\d32/g; s/@ESCAPED_SPACE@/\\\d32/g; s/@TARGET_DELIMITER@/\d32:/g' "ASCLIN_Shell_UART.d" > "ASCLIN_Shell_UART.d_sed" && cp "ASCLIN_Shell_UART.d_sed" "ASCLIN_Shell_UART.d" && rm -f "ASCLIN_Shell_UART.d_sed" 2>/dev/null; else echo 'No dependency file to process';fi
Finished building: ../ASCLIN_Shell_UART.c
 
Building file: ASCLIN_Shell_UART.src
Invoking: TASKING Assembler
TASKING VX-toolset for AURIX Development Studio (non-commercial): assembler v1.1r8 Build 22011964
astc -Og -Os --no-warnings= --error-limit=42 -o  "ASCLIN_Shell_UART.o" "ASCLIN_Shell_UART.src"
Finished building: ASCLIN_Shell_UART.src
 
Building target: ASCLIN_Shell_UART_1_KIT_TC375_SB.elf
Invoking: TASKING Linker
TASKING VX-toolset for AURIX Development Studio (non-commercial): control program v1.1r8 Build 22011964
cctc --lsl-file="../Lcf_Tasking_Tricore_Tc.lsl" -Wl-Oc -Wl-OL -Wl-Ot -Wl-Ox -Wl-Oy -Wl--map-file="ASCLIN_Shell_UART_1_KIT_TC375_SB.map" -Wl-mc -Wl-mf -Wl-mi -Wl-mk -Wl-ml -Wl-mm -Wl-md -Wl-mr -Wl-mu --no-warnings= -Wl--error-limit=42 -lcs_fpu -lfp_fpu -lrt --lsl-core=vtc --exceptions --strict --anachronisms --force-c++ -Ctc37x -o"ASCLIN_Shell_UART_1_KIT_TC375_SB.elf" -Wl-o"ASCLIN_Shell_UART_1_KIT_TC375_SB.hex:IHEX"  ./Libraries/iLLD/TC37A/Tricore/_PinMap/IfxAsclin_PinMap.o ./Libraries/iLLD/TC37A/Tricore/_PinMap/IfxCan_PinMap.o ./Libraries/iLLD/TC37A/Tricore/_PinMap/IfxCcu6_PinMap.o ./Libraries/iLLD/TC37A/Tricore/_PinMap/IfxDmu_PinMap.o ./Libraries/iLLD/TC37A/Tricore/_PinMap/IfxEdsadc_PinMap.o ./Libraries/iLLD/TC37A/Tricore/_PinMap/IfxEray_PinMap.o ./Libraries/iLLD/TC37A/Tricore/_PinMap/IfxEvadc_PinMap.o ./Libraries/iLLD/TC37A/Tricore/_PinMap/IfxGeth_PinMap.o ./Libraries/iLLD/TC37A/Tricore/_PinMap/IfxGpt12_PinMap.o ./Libraries/iLLD/TC37A/Tricore/_PinMap/IfxGtm_PinMap.o ./Libraries/iLLD/TC37A/Tricore/_PinMap/IfxI2c_PinMap.o ./Libraries/iLLD/TC37A/Tricore/_PinMap/IfxMsc_PinMap.o ./Libraries/iLLD/TC37A/Tricore/_PinMap/IfxPms_PinMap.o ./Libraries/iLLD/TC37A/Tricore/_PinMap/IfxPort_PinMap.o ./Libraries/iLLD/TC37A/Tricore/_PinMap/IfxPsi5_PinMap.o ./Libraries/iLLD/TC37A/Tricore/_PinMap/IfxPsi5s_PinMap.o ./Libraries/iLLD/TC37A/Tricore/_PinMap/IfxQspi_PinMap.o ./Libraries/iLLD/TC37A/Tricore/_PinMap/IfxScu_PinMap.o ./Libraries/iLLD/TC37A/Tricore/_PinMap/IfxSent_PinMap.o ./Libraries/iLLD/TC37A/Tricore/_PinMap/IfxSmu_PinMap.o  ./Libraries/iLLD/TC37A/Tricore/_Lib/DataHandling/Ifx_CircularBuffer.asm.o ./Libraries/iLLD/TC37A/Tricore/_Lib/DataHandling/Ifx_CircularBuffer.o ./Libraries/iLLD/TC37A/Tricore/_Lib/DataHandling/Ifx_Fifo.o  ./Libraries/iLLD/TC37A/Tricore/_Impl/IfxAsclin_cfg.o ./Libraries/iLLD/TC37A/Tricore/_Impl/IfxCan_cfg.o ./Libraries/iLLD/TC37A/Tricore/_Impl/IfxCcu6_cfg.o ./Libraries/iLLD/TC37A/Tricore/_Impl/IfxCpu_cfg.o ./Libraries/iLLD/TC37A/Tricore/_Impl/IfxDma_cfg.o ./Libraries/iLLD/TC37A/Tricore/_Impl/IfxEray_cfg.o ./Libraries/iLLD/TC37A/Tricore/_Impl/IfxEvadc_cfg.o ./Libraries/iLLD/TC37A/Tricore/_Impl/IfxFlash_cfg.o ./Libraries/iLLD/TC37A/Tricore/_Impl/IfxGeth_cfg.o ./Libraries/iLLD/TC37A/Tricore/_Impl/IfxGtm_cfg.o ./Libraries/iLLD/TC37A/Tricore/_Impl/IfxHssl_cfg.o ./Libraries/iLLD/TC37A/Tricore/_Impl/IfxI2c_cfg.o ./Libraries/iLLD/TC37A/Tricore/_Impl/IfxMsc_cfg.o ./Libraries/iLLD/TC37A/Tricore/_Impl/IfxMtu_cfg.o ./Libraries/iLLD/TC37A/Tricore/_Impl/IfxPort_cfg.o ./Libraries/iLLD/TC37A/Tricore/_Impl/IfxPsi5_cfg.o ./Libraries/iLLD/TC37A/Tricore/_Impl/IfxQspi_cfg.o ./Libraries/iLLD/TC37A/Tricore/_Impl/IfxScu_cfg.o ./Libraries/iLLD/TC37A/Tricore/_Impl/IfxSent_cfg.o ./Libraries/iLLD/TC37A/Tricore/_Impl/IfxSmu_cfg.o ./Libraries/iLLD/TC37A/Tricore/_Impl/IfxSrc_cfg.o ./Libraries/iLLD/TC37A/Tricore/_Impl/IfxStm_cfg.o  ./Libraries/iLLD/TC37A/Tricore/Stm/Std/IfxStm.o  ./Libraries/iLLD/TC37A/Tricore/Src/Std/IfxSrc.o  ./Libraries/iLLD/TC37A/Tricore/Scu/Std/IfxScuCcu.o ./Libraries/iLLD/TC37A/Tricore/Scu/Std/IfxScuEru.o ./Libraries/iLLD/TC37A/Tricore/Scu/Std/IfxScuLbist.o ./Libraries/iLLD/TC37A/Tricore/Scu/Std/IfxScuRcu.o ./Libraries/iLLD/TC37A/Tricore/Scu/Std/IfxScuWdt.o  ./Libraries/iLLD/TC37A/Tricore/Port/Std/IfxPort.o  ./Libraries/iLLD/TC37A/Tricore/Pms/Std/IfxPmsEvr.o ./Libraries/iLLD/TC37A/Tricore/Pms/Std/IfxPmsPm.o  ./Libraries/iLLD/TC37A/Tricore/Mtu/Std/IfxMtu.o  ./Libraries/iLLD/TC37A/Tricore/Gtm/Std/IfxGtm.o ./Libraries/iLLD/TC37A/Tricore/Gtm/Std/IfxGtm_Atom.o ./Libraries/iLLD/TC37A/Tricore/Gtm/Std/IfxGtm_Cmu.o ./Libraries/iLLD/TC37A/Tricore/Gtm/Std/IfxGtm_Dpll.o ./Libraries/iLLD/TC37A/Tricore/Gtm/Std/IfxGtm_Dtm.o ./Libraries/iLLD/TC37A/Tricore/Gtm/Std/IfxGtm_Psm.o ./Libraries/iLLD/TC37A/Tricore/Gtm/Std/IfxGtm_Spe.o ./Libraries/iLLD/TC37A/Tricore/Gtm/Std/IfxGtm_Tbu.o ./Libraries/iLLD/TC37A/Tricore/Gtm/Std/IfxGtm_Tim.o ./Libraries/iLLD/TC37A/Tricore/Gtm/Std/IfxGtm_Tom.o  ./Libraries/iLLD/TC37A/Tricore/Cpu/Trap/IfxCpu_Trap.o  ./Libraries/iLLD/TC37A/Tricore/Cpu/Std/IfxCpu.o  ./Libraries/iLLD/TC37A/Tricore/Cpu/Irq/IfxCpu_Irq.o  ./Libraries/iLLD/TC37A/Tricore/Asclin/Std/IfxAsclin.o  ./Libraries/iLLD/TC37A/Tricore/Asclin/Asc/IfxAsclin_Asc.o  ./Libraries/Service/CpuGeneric/SysSe/Comm/Ifx_Console.o ./Libraries/Service/CpuGeneric/SysSe/Comm/Ifx_Shell.o  ./Libraries/Service/CpuGeneric/StdIf/IfxStdIf_DPipe.o ./Libraries/Service/CpuGeneric/StdIf/IfxStdIf_Pos.o ./Libraries/Service/CpuGeneric/StdIf/IfxStdIf_PwmHl.o ./Libraries/Service/CpuGeneric/StdIf/IfxStdIf_Timer.o  ./Libraries/Infra/Ssw/TC37A/Tricore/Ifx_Ssw_Infra.o ./Libraries/Infra/Ssw/TC37A/Tricore/Ifx_Ssw_Tc0.o ./Libraries/Infra/Ssw/TC37A/Tricore/Ifx_Ssw_Tc1.o ./Libraries/Infra/Ssw/TC37A/Tricore/Ifx_Ssw_Tc2.o  ./Libraries/Infra/Platform/Tricore/Compilers/CompilerDcc.o ./Libraries/Infra/Platform/Tricore/Compilers/CompilerGhs.o ./Libraries/Infra/Platform/Tricore/Compilers/CompilerGnuc.o ./Libraries/Infra/Platform/Tricore/Compilers/CompilerTasking.o  ./Configurations/Debug/sync_on_halt.o  ./Configurations/Ifx_Cfg_Ssw.o ./Configurations/Ifx_Cfg_SswBmhd.o  ./ASCLIN_Shell_UART.o ./Cpu0_Main.o ./Cpu1_Main.o ./Cpu2_Main.o 
Finished building target: ASCLIN_Shell_UART_1_KIT_TC375_SB.elf
 
Invoking: Print Size
elfsize  "ASCLIN_Shell_UART_1_KIT_TC375_SB.elf"
Total sizes:
ROM: 0x7937 (31031) = code: 0x5ffe (24574) + romdata: 0x1939 (6457)
TASKING VX-toolset for AURIX Development Studio (non-commercial): ELF size v1.1r8 Build 22011964
RAM: 0x9dac (40364) = data + bss
Finished building: ASCLIN_Shell_UART_1_KIT_TC375_SB.siz
 
rm ASCLIN_Shell_UART.src

22:12:03 Build Finished. 0 errors, 0 warnings. (took 4s.798ms)

