18:18:02 **** Incremental Build of configuration Debug for project RPLIDAR_A2_TC375_SB ****
make --output-sync -j12 all 
Building file: ../Cpu2_Main.c
TASKING VX-toolset for AURIX Development Studio (non-commercial): control program v1.1r8 Build 22011964
Invoking: TASKING C/C++ Compiler
cctc -cs --dep-file="Cpu2_Main.d" --misrac-version=2004 -D__CPU__=tc37x "-fC:/Users/Umaar/Documents/GitHub/AURIX_Tricore_Dev_Repo/RPLIDAR_A2_TC375_SB/Debug/TASKING_C_C___Compiler-Include_paths.opt" --iso=99 --c++14 --language=+volatile --exceptions --anachronisms --fp-model=3 -O0 --tradeoff=4 --compact-max-size=200 -g -Wc-w544 -Wc-w557 -Ctc37x -Y0 -N0 -Z0 -o "Cpu2_Main.src" "../Cpu2_Main.c" && \
if [ -f "Cpu2_Main.d" ]; then sed.exe -r  -e 's/\b(.+\.o)\b/\/\1/g' -e 's/\\/\//g' -e 's/\/\//\//g' -e 's/"//g' -e 's/([a-zA-Z]:\/)/\L\1/g' -e 's/\d32:/@TARGET_DELIMITER@/g; s/\\\d32/@ESCAPED_SPACE@/g; s/\d32/\\\d32/g; s/@ESCAPED_SPACE@/\\\d32/g; s/@TARGET_DELIMITER@/\d32:/g' "Cpu2_Main.d" > "Cpu2_Main.d_sed" && cp "Cpu2_Main.d_sed" "Cpu2_Main.d" && rm -f "Cpu2_Main.d_sed" 2>/dev/null; else echo 'No dependency file to process';fi
Finished building: ../Cpu2_Main.c
 
Building file: ../Cpu0_Main.c
TASKING VX-toolset for AURIX Development Studio (non-commercial): control program v1.1r8 Build 22011964
Invoking: TASKING C/C++ Compiler
cctc -cs --dep-file="Cpu0_Main.d" --misrac-version=2004 -D__CPU__=tc37x "-fC:/Users/Umaar/Documents/GitHub/AURIX_Tricore_Dev_Repo/RPLIDAR_A2_TC375_SB/Debug/TASKING_C_C___Compiler-Include_paths.opt" --iso=99 --c++14 --language=+volatile --exceptions --anachronisms --fp-model=3 -O0 --tradeoff=4 --compact-max-size=200 -g -Wc-w544 -Wc-w557 -Ctc37x -Y0 -N0 -Z0 -o "Cpu0_Main.src" "../Cpu0_Main.c" && \
if [ -f "Cpu0_Main.d" ]; then sed.exe -r  -e 's/\b(.+\.o)\b/\/\1/g' -e 's/\\/\//g' -e 's/\/\//\//g' -e 's/"//g' -e 's/([a-zA-Z]:\/)/\L\1/g' -e 's/\d32:/@TARGET_DELIMITER@/g; s/\\\d32/@ESCAPED_SPACE@/g; s/\d32/\\\d32/g; s/@ESCAPED_SPACE@/\\\d32/g; s/@TARGET_DELIMITER@/\d32:/g' "Cpu0_Main.d" > "Cpu0_Main.d_sed" && cp "Cpu0_Main.d_sed" "Cpu0_Main.d" && rm -f "Cpu0_Main.d_sed" 2>/dev/null; else echo 'No dependency file to process';fi
Finished building: ../Cpu0_Main.c
 
TASKING VX-toolset for AURIX Development Studio (non-commercial): control program v1.1r8 Build 22011964
Building file: ../ASCLIN_UART.c
Invoking: TASKING C/C++ Compiler
cctc -cs --dep-file="ASCLIN_UART.d" --misrac-version=2004 -D__CPU__=tc37x "-fC:/Users/Umaar/Documents/GitHub/AURIX_Tricore_Dev_Repo/RPLIDAR_A2_TC375_SB/Debug/TASKING_C_C___Compiler-Include_paths.opt" --iso=99 --c++14 --language=+volatile --exceptions --anachronisms --fp-model=3 -O0 --tradeoff=4 --compact-max-size=200 -g -Wc-w544 -Wc-w557 -Ctc37x -Y0 -N0 -Z0 -o "ASCLIN_UART.src" "../ASCLIN_UART.c" && \
if [ -f "ASCLIN_UART.d" ]; then sed.exe -r  -e 's/\b(.+\.o)\b/\/\1/g' -e 's/\\/\//g' -e 's/\/\//\//g' -e 's/"//g' -e 's/([a-zA-Z]:\/)/\L\1/g' -e 's/\d32:/@TARGET_DELIMITER@/g; s/\\\d32/@ESCAPED_SPACE@/g; s/\d32/\\\d32/g; s/@ESCAPED_SPACE@/\\\d32/g; s/@TARGET_DELIMITER@/\d32:/g' "ASCLIN_UART.d" > "ASCLIN_UART.d_sed" && cp "ASCLIN_UART.d_sed" "ASCLIN_UART.d" && rm -f "ASCLIN_UART.d_sed" 2>/dev/null; else echo 'No dependency file to process';fi
Finished building: ../ASCLIN_UART.c
 
Building file: ../Cpu1_Main.c
TASKING VX-toolset for AURIX Development Studio (non-commercial): control program v1.1r8 Build 22011964
Invoking: TASKING C/C++ Compiler
cctc -cs --dep-file="Cpu1_Main.d" --misrac-version=2004 -D__CPU__=tc37x "-fC:/Users/Umaar/Documents/GitHub/AURIX_Tricore_Dev_Repo/RPLIDAR_A2_TC375_SB/Debug/TASKING_C_C___Compiler-Include_paths.opt" --iso=99 --c++14 --language=+volatile --exceptions --anachronisms --fp-model=3 -O0 --tradeoff=4 --compact-max-size=200 -g -Wc-w544 -Wc-w557 -Ctc37x -Y0 -N0 -Z0 -o "Cpu1_Main.src" "../Cpu1_Main.c" && \
if [ -f "Cpu1_Main.d" ]; then sed.exe -r  -e 's/\b(.+\.o)\b/\/\1/g' -e 's/\\/\//g' -e 's/\/\//\//g' -e 's/"//g' -e 's/([a-zA-Z]:\/)/\L\1/g' -e 's/\d32:/@TARGET_DELIMITER@/g; s/\\\d32/@ESCAPED_SPACE@/g; s/\d32/\\\d32/g; s/@ESCAPED_SPACE@/\\\d32/g; s/@TARGET_DELIMITER@/\d32:/g' "Cpu1_Main.d" > "Cpu1_Main.d_sed" && cp "Cpu1_Main.d_sed" "Cpu1_Main.d" && rm -f "Cpu1_Main.d_sed" 2>/dev/null; else echo 'No dependency file to process';fi
Finished building: ../Cpu1_Main.c
 
Building file: ../RPLIDAR_A2.c
Invoking: TASKING C/C++ Compiler
cctc -cs --dep-file="RPLIDAR_A2.d" --misrac-version=2004 -D__CPU__=tc37x "-fC:/Users/Umaar/Documents/GitHub/AURIX_Tricore_Dev_Repo/RPLIDAR_A2_TC375_SB/Debug/TASKING_C_C___Compiler-Include_paths.opt" --iso=99 --c++14 --language=+volatile --exceptions --anachronisms --fp-model=3 -O0 --tradeoff=4 --compact-max-size=200 -g -Wc-w544 -Wc-w557 -Ctc37x -Y0 -N0 -Z0 -o "RPLIDAR_A2.src" "../RPLIDAR_A2.c" && \
TASKING VX-toolset for AURIX Development Studio (non-commercial): control program v1.1r8 Build 22011964
if [ -f "RPLIDAR_A2.d" ]; then sed.exe -r  -e 's/\b(.+\.o)\b/\/\1/g' -e 's/\\/\//g' -e 's/\/\//\//g' -e 's/"//g' -e 's/([a-zA-Z]:\/)/\L\1/g' -e 's/\d32:/@TARGET_DELIMITER@/g; s/\\\d32/@ESCAPED_SPACE@/g; s/\d32/\\\d32/g; s/@ESCAPED_SPACE@/\\\d32/g; s/@TARGET_DELIMITER@/\d32:/g' "RPLIDAR_A2.d" > "RPLIDAR_A2.d_sed" && cp "RPLIDAR_A2.d_sed" "RPLIDAR_A2.d" && rm -f "RPLIDAR_A2.d_sed" 2>/dev/null; else echo 'No dependency file to process';fi
Finished building: ../RPLIDAR_A2.c
 
TASKING VX-toolset for AURIX Development Studio (non-commercial): control program v1.1r8 Build 22011964
Building file: ../UART_SHELL.c
Invoking: TASKING C/C++ Compiler
cctc -cs --dep-file="UART_SHELL.d" --misrac-version=2004 -D__CPU__=tc37x "-fC:/Users/Umaar/Documents/GitHub/AURIX_Tricore_Dev_Repo/RPLIDAR_A2_TC375_SB/Debug/TASKING_C_C___Compiler-Include_paths.opt" --iso=99 --c++14 --language=+volatile --exceptions --anachronisms --fp-model=3 -O0 --tradeoff=4 --compact-max-size=200 -g -Wc-w544 -Wc-w557 -Ctc37x -Y0 -N0 -Z0 -o "UART_SHELL.src" "../UART_SHELL.c" && \
if [ -f "UART_SHELL.d" ]; then sed.exe -r  -e 's/\b(.+\.o)\b/\/\1/g' -e 's/\\/\//g' -e 's/\/\//\//g' -e 's/"//g' -e 's/([a-zA-Z]:\/)/\L\1/g' -e 's/\d32:/@TARGET_DELIMITER@/g; s/\\\d32/@ESCAPED_SPACE@/g; s/\d32/\\\d32/g; s/@ESCAPED_SPACE@/\\\d32/g; s/@TARGET_DELIMITER@/\d32:/g' "UART_SHELL.d" > "UART_SHELL.d_sed" && cp "UART_SHELL.d_sed" "UART_SHELL.d" && rm -f "UART_SHELL.d_sed" 2>/dev/null; else echo 'No dependency file to process';fi
Finished building: ../UART_SHELL.c
 
TASKING VX-toolset for AURIX Development Studio (non-commercial): control program v1.1r8 Build 22011964
Building file: ../GTM_PWM.c
Invoking: TASKING C/C++ Compiler
cctc -cs --dep-file="GTM_PWM.d" --misrac-version=2004 -D__CPU__=tc37x "-fC:/Users/Umaar/Documents/GitHub/AURIX_Tricore_Dev_Repo/RPLIDAR_A2_TC375_SB/Debug/TASKING_C_C___Compiler-Include_paths.opt" --iso=99 --c++14 --language=+volatile --exceptions --anachronisms --fp-model=3 -O0 --tradeoff=4 --compact-max-size=200 -g -Wc-w544 -Wc-w557 -Ctc37x -Y0 -N0 -Z0 -o "GTM_PWM.src" "../GTM_PWM.c" && \
if [ -f "GTM_PWM.d" ]; then sed.exe -r  -e 's/\b(.+\.o)\b/\/\1/g' -e 's/\\/\//g' -e 's/\/\//\//g' -e 's/"//g' -e 's/([a-zA-Z]:\/)/\L\1/g' -e 's/\d32:/@TARGET_DELIMITER@/g; s/\\\d32/@ESCAPED_SPACE@/g; s/\d32/\\\d32/g; s/@ESCAPED_SPACE@/\\\d32/g; s/@TARGET_DELIMITER@/\d32:/g' "GTM_PWM.d" > "GTM_PWM.d_sed" && cp "GTM_PWM.d_sed" "GTM_PWM.d" && rm -f "GTM_PWM.d_sed" 2>/dev/null; else echo 'No dependency file to process';fi
Finished building: ../GTM_PWM.c
 
TASKING VX-toolset for AURIX Development Studio (non-commercial): assembler v1.1r8 Build 22011964
Building file: Cpu0_Main.src
Invoking: TASKING Assembler
astc -Og -Os --no-warnings= --error-limit=42 -o  "Cpu0_Main.o" "Cpu0_Main.src"
Finished building: Cpu0_Main.src
 
TASKING VX-toolset for AURIX Development Studio (non-commercial): assembler v1.1r8 Build 22011964
Building file: Cpu1_Main.src
Invoking: TASKING Assembler
astc -Og -Os --no-warnings= --error-limit=42 -o  "Cpu1_Main.o" "Cpu1_Main.src"
Finished building: Cpu1_Main.src
 
Building file: Cpu2_Main.src
TASKING VX-toolset for AURIX Development Studio (non-commercial): assembler v1.1r8 Build 22011964
Invoking: TASKING Assembler
astc -Og -Os --no-warnings= --error-limit=42 -o  "Cpu2_Main.o" "Cpu2_Main.src"
Finished building: Cpu2_Main.src
 
Building file: RPLIDAR_A2.src
TASKING VX-toolset for AURIX Development Studio (non-commercial): assembler v1.1r8 Build 22011964
Invoking: TASKING Assembler
astc -Og -Os --no-warnings= --error-limit=42 -o  "RPLIDAR_A2.o" "RPLIDAR_A2.src"
Finished building: RPLIDAR_A2.src
 
Building file: UART_SHELL.src
TASKING VX-toolset for AURIX Development Studio (non-commercial): assembler v1.1r8 Build 22011964
Invoking: TASKING Assembler
astc -Og -Os --no-warnings= --error-limit=42 -o  "UART_SHELL.o" "UART_SHELL.src"
Finished building: UART_SHELL.src
 
Building file: ASCLIN_UART.src
TASKING VX-toolset for AURIX Development Studio (non-commercial): assembler v1.1r8 Build 22011964
Invoking: TASKING Assembler
astc -Og -Os --no-warnings= --error-limit=42 -o  "ASCLIN_UART.o" "ASCLIN_UART.src"
Finished building: ASCLIN_UART.src
 
TASKING VX-toolset for AURIX Development Studio (non-commercial): assembler v1.1r8 Build 22011964
Building file: GTM_PWM.src
Invoking: TASKING Assembler
astc -Og -Os --no-warnings= --error-limit=42 -o  "GTM_PWM.o" "GTM_PWM.src"
Finished building: GTM_PWM.src
 
Building target: RPLIDAR_A2_TC375_SB.elf
Invoking: TASKING Linker
TASKING VX-toolset for AURIX Development Studio (non-commercial): control program v1.1r8 Build 22011964
cctc --lsl-file="../Lcf_Tasking_Tricore_Tc.lsl" -Wl-Oc -Wl-OL -Wl-Ot -Wl-Ox -Wl-Oy -Wl--map-file="RPLIDAR_A2_TC375_SB.map" -Wl-mc -Wl-mf -Wl-mi -Wl-mk -Wl-ml -Wl-mm -Wl-md -Wl-mr -Wl-mu --no-warnings= -Wl--error-limit=42 -lcs_fpu -lfp_fpu -lrt --lsl-core=vtc --exceptions --strict --anachronisms --force-c++ -Ctc37x -o"RPLIDAR_A2_TC375_SB.elf" -Wl-o"RPLIDAR_A2_TC375_SB.hex:IHEX"  ./Libraries/iLLD/TC37A/Tricore/_PinMap/IfxAsclin_PinMap.o ./Libraries/iLLD/TC37A/Tricore/_PinMap/IfxCan_PinMap.o ./Libraries/iLLD/TC37A/Tricore/_PinMap/IfxCcu6_PinMap.o ./Libraries/iLLD/TC37A/Tricore/_PinMap/IfxDmu_PinMap.o ./Libraries/iLLD/TC37A/Tricore/_PinMap/IfxEdsadc_PinMap.o ./Libraries/iLLD/TC37A/Tricore/_PinMap/IfxEray_PinMap.o ./Libraries/iLLD/TC37A/Tricore/_PinMap/IfxEvadc_PinMap.o ./Libraries/iLLD/TC37A/Tricore/_PinMap/IfxGeth_PinMap.o ./Libraries/iLLD/TC37A/Tricore/_PinMap/IfxGpt12_PinMap.o ./Libraries/iLLD/TC37A/Tricore/_PinMap/IfxGtm_PinMap.o ./Libraries/iLLD/TC37A/Tricore/_PinMap/IfxI2c_PinMap.o ./Libraries/iLLD/TC37A/Tricore/_PinMap/IfxMsc_PinMap.o ./Libraries/iLLD/TC37A/Tricore/_PinMap/IfxPms_PinMap.o ./Libraries/iLLD/TC37A/Tricore/_PinMap/IfxPort_PinMap.o ./Libraries/iLLD/TC37A/Tricore/_PinMap/IfxPsi5_PinMap.o ./Libraries/iLLD/TC37A/Tricore/_PinMap/IfxPsi5s_PinMap.o ./Libraries/iLLD/TC37A/Tricore/_PinMap/IfxQspi_PinMap.o ./Libraries/iLLD/TC37A/Tricore/_PinMap/IfxScu_PinMap.o ./Libraries/iLLD/TC37A/Tricore/_PinMap/IfxSent_PinMap.o ./Libraries/iLLD/TC37A/Tricore/_PinMap/IfxSmu_PinMap.o  ./Libraries/iLLD/TC37A/Tricore/_Lib/DataHandling/Ifx_CircularBuffer.asm.o ./Libraries/iLLD/TC37A/Tricore/_Lib/DataHandling/Ifx_CircularBuffer.o ./Libraries/iLLD/TC37A/Tricore/_Lib/DataHandling/Ifx_Fifo.o  ./Libraries/iLLD/TC37A/Tricore/_Impl/IfxAsclin_cfg.o ./Libraries/iLLD/TC37A/Tricore/_Impl/IfxCan_cfg.o ./Libraries/iLLD/TC37A/Tricore/_Impl/IfxCcu6_cfg.o ./Libraries/iLLD/TC37A/Tricore/_Impl/IfxCpu_cfg.o ./Libraries/iLLD/TC37A/Tricore/_Impl/IfxDma_cfg.o ./Libraries/iLLD/TC37A/Tricore/_Impl/IfxEray_cfg.o ./Libraries/iLLD/TC37A/Tricore/_Impl/IfxEvadc_cfg.o ./Libraries/iLLD/TC37A/Tricore/_Impl/IfxFlash_cfg.o ./Libraries/iLLD/TC37A/Tricore/_Impl/IfxGeth_cfg.o ./Libraries/iLLD/TC37A/Tricore/_Impl/IfxGtm_cfg.o ./Libraries/iLLD/TC37A/Tricore/_Impl/IfxHssl_cfg.o ./Libraries/iLLD/TC37A/Tricore/_Impl/IfxI2c_cfg.o ./Libraries/iLLD/TC37A/Tricore/_Impl/IfxMsc_cfg.o ./Libraries/iLLD/TC37A/Tricore/_Impl/IfxMtu_cfg.o ./Libraries/iLLD/TC37A/Tricore/_Impl/IfxPort_cfg.o ./Libraries/iLLD/TC37A/Tricore/_Impl/IfxPsi5_cfg.o ./Libraries/iLLD/TC37A/Tricore/_Impl/IfxQspi_cfg.o ./Libraries/iLLD/TC37A/Tricore/_Impl/IfxScu_cfg.o ./Libraries/iLLD/TC37A/Tricore/_Impl/IfxSent_cfg.o ./Libraries/iLLD/TC37A/Tricore/_Impl/IfxSmu_cfg.o ./Libraries/iLLD/TC37A/Tricore/_Impl/IfxSrc_cfg.o ./Libraries/iLLD/TC37A/Tricore/_Impl/IfxStm_cfg.o  ./Libraries/iLLD/TC37A/Tricore/Stm/Std/IfxStm.o  ./Libraries/iLLD/TC37A/Tricore/Src/Std/IfxSrc.o  ./Libraries/iLLD/TC37A/Tricore/Scu/Std/IfxScuCcu.o ./Libraries/iLLD/TC37A/Tricore/Scu/Std/IfxScuEru.o ./Libraries/iLLD/TC37A/Tricore/Scu/Std/IfxScuLbist.o ./Libraries/iLLD/TC37A/Tricore/Scu/Std/IfxScuRcu.o ./Libraries/iLLD/TC37A/Tricore/Scu/Std/IfxScuWdt.o  ./Libraries/iLLD/TC37A/Tricore/Port/Std/IfxPort.o  ./Libraries/iLLD/TC37A/Tricore/Pms/Std/IfxPmsEvr.o ./Libraries/iLLD/TC37A/Tricore/Pms/Std/IfxPmsPm.o  ./Libraries/iLLD/TC37A/Tricore/Mtu/Std/IfxMtu.o  ./Libraries/iLLD/TC37A/Tricore/Gtm/Tom/Pwm/IfxGtm_Tom_Pwm.o  ./Libraries/iLLD/TC37A/Tricore/Gtm/Std/IfxGtm.o ./Libraries/iLLD/TC37A/Tricore/Gtm/Std/IfxGtm_Atom.o ./Libraries/iLLD/TC37A/Tricore/Gtm/Std/IfxGtm_Cmu.o ./Libraries/iLLD/TC37A/Tricore/Gtm/Std/IfxGtm_Dpll.o ./Libraries/iLLD/TC37A/Tricore/Gtm/Std/IfxGtm_Dtm.o ./Libraries/iLLD/TC37A/Tricore/Gtm/Std/IfxGtm_Psm.o ./Libraries/iLLD/TC37A/Tricore/Gtm/Std/IfxGtm_Spe.o ./Libraries/iLLD/TC37A/Tricore/Gtm/Std/IfxGtm_Tbu.o ./Libraries/iLLD/TC37A/Tricore/Gtm/Std/IfxGtm_Tim.o ./Libraries/iLLD/TC37A/Tricore/Gtm/Std/IfxGtm_Tom.o  ./Libraries/iLLD/TC37A/Tricore/Cpu/Trap/IfxCpu_Trap.o  ./Libraries/iLLD/TC37A/Tricore/Cpu/Std/IfxCpu.o  ./Libraries/iLLD/TC37A/Tricore/Cpu/Irq/IfxCpu_Irq.o  ./Libraries/iLLD/TC37A/Tricore/Asclin/Std/IfxAsclin.o  ./Libraries/iLLD/TC37A/Tricore/Asclin/Asc/IfxAsclin_Asc.o  ./Libraries/Service/CpuGeneric/SysSe/Comm/Ifx_Console.o ./Libraries/Service/CpuGeneric/SysSe/Comm/Ifx_Shell.o  ./Libraries/Service/CpuGeneric/SysSe/Bsp/Assert.o ./Libraries/Service/CpuGeneric/SysSe/Bsp/Bsp.o  ./Libraries/Service/CpuGeneric/StdIf/IfxStdIf_DPipe.o ./Libraries/Service/CpuGeneric/StdIf/IfxStdIf_Pos.o ./Libraries/Service/CpuGeneric/StdIf/IfxStdIf_PwmHl.o ./Libraries/Service/CpuGeneric/StdIf/IfxStdIf_Timer.o  ./Libraries/Infra/Ssw/TC37A/Tricore/Ifx_Ssw_Infra.o ./Libraries/Infra/Ssw/TC37A/Tricore/Ifx_Ssw_Tc0.o ./Libraries/Infra/Ssw/TC37A/Tricore/Ifx_Ssw_Tc1.o ./Libraries/Infra/Ssw/TC37A/Tricore/Ifx_Ssw_Tc2.o  ./Libraries/Infra/Platform/Tricore/Compilers/CompilerDcc.o ./Libraries/Infra/Platform/Tricore/Compilers/CompilerGhs.o ./Libraries/Infra/Platform/Tricore/Compilers/CompilerGnuc.o ./Libraries/Infra/Platform/Tricore/Compilers/CompilerTasking.o  ./Configurations/Debug/sync_on_halt.o  ./Configurations/Ifx_Cfg_Ssw.o ./Configurations/Ifx_Cfg_SswBmhd.o  ./ASCLIN_UART.o ./Cpu0_Main.o ./Cpu1_Main.o ./Cpu2_Main.o ./GTM_PWM.o ./RPLIDAR_A2.o ./UART_SHELL.o 
Finished building target: RPLIDAR_A2_TC375_SB.elf
 
TASKING VX-toolset for AURIX Development Studio (non-commercial): ELF size v1.1r8 Build 22011964
Invoking: Print Size
elfsize  "RPLIDAR_A2_TC375_SB.elf"
Total sizes:
ROM: 0x707c (28796) = code: 0x5aaa (23210) + romdata: 0x15d2 (5586)
RAM: 0xa112 (41234) = data + bss
Finished building: RPLIDAR_A2_TC375_SB.siz
 
rm ASCLIN_UART.src Cpu2_Main.src Cpu0_Main.src Cpu1_Main.src UART_SHELL.src GTM_PWM.src RPLIDAR_A2.src

18:18:08 Build Finished. 0 errors, 0 warnings. (took 5s.986ms)

